<?xml version="1.0" encoding="UTF-8"?>
<testsuite name="com.jojoldu.book.springboot.web.IndexControllerTest" tests="1" skipped="0" failures="0" errors="0" timestamp="2021-11-20T17:58:07" hostname="DESKTOP-3AKRJBN" time="0.211">
  <properties/>
  <testcase name="메인페이지_로딩()" classname="com.jojoldu.book.springboot.web.IndexControllerTest" time="0.211"/>
  <system-out><![CDATA[2021-11-21 02:58:04.590  INFO 16164 --- [    Test worker] .b.t.c.SpringBootTestContextBootstrapper : Neither @ContextConfiguration nor @ContextHierarchy found for test class [com.jojoldu.book.springboot.web.IndexControllerTest], using SpringBootContextLoader
2021-11-21 02:58:04.593  INFO 16164 --- [    Test worker] o.s.t.c.support.AbstractContextLoader    : Could not detect default resource locations for test class [com.jojoldu.book.springboot.web.IndexControllerTest]: no resource found for suffixes {-context.xml, Context.groovy}.
2021-11-21 02:58:04.594  INFO 16164 --- [    Test worker] t.c.s.AnnotationConfigContextLoaderUtils : Could not detect default configuration classes for test class [com.jojoldu.book.springboot.web.IndexControllerTest]: IndexControllerTest does not declare any static, non-private, non-final, nested classes annotated with @Configuration.
2021-11-21 02:58:04.600  INFO 16164 --- [    Test worker] .b.t.c.SpringBootTestContextBootstrapper : Found @SpringBootConfiguration com.jojoldu.book.springboot.Application for test class com.jojoldu.book.springboot.web.IndexControllerTest
2021-11-21 02:58:04.605  INFO 16164 --- [    Test worker] .b.t.c.SpringBootTestContextBootstrapper : Loaded default TestExecutionListener class names from location [META-INF/spring.factories]: [org.springframework.security.test.context.support.WithSecurityContextTestExecutionListener, org.springframework.security.test.context.support.ReactorContextTestExecutionListener, org.springframework.boot.test.autoconfigure.restdocs.RestDocsTestExecutionListener, org.springframework.boot.test.autoconfigure.web.client.MockRestServiceServerResetTestExecutionListener, org.springframework.boot.test.autoconfigure.web.servlet.MockMvcPrintOnlyOnFailureTestExecutionListener, org.springframework.boot.test.autoconfigure.web.servlet.WebDriverTestExecutionListener, org.springframework.boot.test.autoconfigure.webservices.client.MockWebServiceServerTestExecutionListener, org.springframework.boot.test.mock.mockito.MockitoTestExecutionListener, org.springframework.boot.test.mock.mockito.ResetMocksTestExecutionListener, org.springframework.test.context.web.ServletTestExecutionListener, org.springframework.test.context.support.DirtiesContextBeforeModesTestExecutionListener, org.springframework.test.context.support.DependencyInjectionTestExecutionListener, org.springframework.test.context.support.DirtiesContextTestExecutionListener, org.springframework.test.context.transaction.TransactionalTestExecutionListener, org.springframework.test.context.jdbc.SqlScriptsTestExecutionListener, org.springframework.test.context.event.EventPublishingTestExecutionListener]
2021-11-21 02:58:04.607  INFO 16164 --- [    Test worker] .b.t.c.SpringBootTestContextBootstrapper : Using TestExecutionListeners: [org.springframework.test.context.web.ServletTestExecutionListener@a4c9545, org.springframework.test.context.support.DirtiesContextBeforeModesTestExecutionListener@1646fa2b, org.springframework.boot.test.mock.mockito.MockitoTestExecutionListener@5e171ec6, org.springframework.boot.test.autoconfigure.SpringBootDependencyInjectionTestExecutionListener@2e80bbab, org.springframework.test.context.support.DirtiesContextTestExecutionListener@4008f583, org.springframework.test.context.transaction.TransactionalTestExecutionListener@613ed80b, org.springframework.test.context.jdbc.SqlScriptsTestExecutionListener@7391bc4, org.springframework.security.test.context.support.WithSecurityContextTestExecutionListener@2ccfb56b, org.springframework.test.context.event.EventPublishingTestExecutionListener@2becf99c, org.springframework.security.test.context.support.ReactorContextTestExecutionListener@3c85926a, org.springframework.boot.test.autoconfigure.restdocs.RestDocsTestExecutionListener@732d4905, org.springframework.boot.test.autoconfigure.web.client.MockRestServiceServerResetTestExecutionListener@2218cee6, org.springframework.boot.test.autoconfigure.web.servlet.MockMvcPrintOnlyOnFailureTestExecutionListener@6ef4f320, org.springframework.boot.test.autoconfigure.web.servlet.WebDriverTestExecutionListener@7ef23a56, org.springframework.boot.test.autoconfigure.webservices.client.MockWebServiceServerTestExecutionListener@678e21ec, org.springframework.boot.test.mock.mockito.ResetMocksTestExecutionListener@305ac05]

  .   ____          _            __ _ _
 /\\ / ___'_ __ _ _(_)_ __  __ _ \ \ \ \
( ( )\___ | '_ | '_| | '_ \/ _` | \ \ \ \
 \\/  ___)| |_)| | | | | || (_| |  ) ) ) )
  '  |____| .__|_| |_|_| |_\__, | / / / /
 =========|_|==============|___/=/_/_/_/
 :: Spring Boot ::                (v2.4.1)

2021-11-21 02:58:04.664  INFO 16164 --- [    Test worker] c.j.b.s.web.IndexControllerTest          : Starting IndexControllerTest using Java 11.0.11 on DESKTOP-3AKRJBN with PID 16164 (started by PJT in C:\web-project)
2021-11-21 02:58:04.665  INFO 16164 --- [    Test worker] c.j.b.s.web.IndexControllerTest          : No active profile set, falling back to default profiles: default
2021-11-21 02:58:05.095  INFO 16164 --- [    Test worker] .s.d.r.c.RepositoryConfigurationDelegate : Bootstrapping Spring Data JPA repositories in DEFAULT mode.
2021-11-21 02:58:05.138  INFO 16164 --- [    Test worker] .s.d.r.c.RepositoryConfigurationDelegate : Finished Spring Data repository scanning in 43 ms. Found 2 JPA repository interfaces.
2021-11-21 02:58:05.720  INFO 16164 --- [    Test worker] o.s.b.w.embedded.tomcat.TomcatWebServer  : Tomcat initialized with port(s): 0 (http)
2021-11-21 02:58:05.741  INFO 16164 --- [    Test worker] o.apache.catalina.core.StandardService   : Starting service [Tomcat]
2021-11-21 02:58:05.742  INFO 16164 --- [    Test worker] org.apache.catalina.core.StandardEngine  : Starting Servlet engine: [Apache Tomcat/9.0.41]
2021-11-21 02:58:05.998  INFO 16164 --- [    Test worker] o.a.c.c.C.[Tomcat].[localhost].[/]       : Initializing Spring embedded WebApplicationContext
2021-11-21 02:58:05.998  INFO 16164 --- [    Test worker] w.s.c.ServletWebServerApplicationContext : Root WebApplicationContext: initialization completed in 1327 ms
2021-11-21 02:58:06.049  INFO 16164 --- [    Test worker] com.zaxxer.hikari.HikariDataSource       : HikariPool-2 - Starting...
2021-11-21 02:58:06.052  INFO 16164 --- [    Test worker] com.zaxxer.hikari.HikariDataSource       : HikariPool-2 - Start completed.
2021-11-21 02:58:06.052  INFO 16164 --- [    Test worker] o.s.b.a.h2.H2ConsoleAutoConfiguration    : H2 console available at '/h2-console'. Database available at 'jdbc:h2:mem:testdb'
2021-11-21 02:58:06.286  INFO 16164 --- [    Test worker] o.hibernate.jpa.internal.util.LogHelper  : HHH000204: Processing PersistenceUnitInfo [name: default]
2021-11-21 02:58:06.305  INFO 16164 --- [    Test worker] org.hibernate.dialect.Dialect            : HHH000400: Using dialect: org.hibernate.dialect.MySQL57Dialect
Hibernate: drop table if exists posts
Hibernate: drop table if exists user
Hibernate: create table posts (id bigint not null auto_increment, create_date datetime(6), modified_date datetime(6), author varchar(255), content TEXT not null, title varchar(500) not null, primary key (id)) engine=InnoDB
Hibernate: create table user (id bigint not null auto_increment, create_date datetime(6), modified_date datetime(6), email varchar(255) not null, name varchar(255) not null, picture varchar(255), role varchar(255) not null, primary key (id)) engine=InnoDB
2021-11-21 02:58:06.431  INFO 16164 --- [    Test worker] o.h.e.t.j.p.i.JtaPlatformInitiator       : HHH000490: Using JtaPlatform implementation: [org.hibernate.engine.transaction.jta.platform.internal.NoJtaPlatform]
2021-11-21 02:58:06.432  INFO 16164 --- [    Test worker] j.LocalContainerEntityManagerFactoryBean : Initialized JPA EntityManagerFactory for persistence unit 'default'
2021-11-21 02:58:06.817  WARN 16164 --- [    Test worker] JpaBaseConfiguration$JpaWebConfiguration : spring.jpa.open-in-view is enabled by default. Therefore, database queries may be performed during view rendering. Explicitly configure spring.jpa.open-in-view to disable this warning
2021-11-21 02:58:06.917  INFO 16164 --- [    Test worker] o.s.s.web.DefaultSecurityFilterChain     : Will secure org.springframework.boot.autoconfigure.security.servlet.StaticResourceRequest$StaticResourceRequestMatcher@4dd654a6 with []
2021-11-21 02:58:07.088  INFO 16164 --- [    Test worker] o.s.s.web.DefaultSecurityFilterChain     : Will secure any request with [org.springframework.security.web.context.request.async.WebAsyncManagerIntegrationFilter@33558f47, org.springframework.security.web.context.SecurityContextPersistenceFilter@fe8f482, org.springframework.security.web.header.HeaderWriterFilter@1aa63440, org.springframework.security.web.authentication.logout.LogoutFilter@52923bbb, org.springframework.security.oauth2.client.web.OAuth2AuthorizationRequestRedirectFilter@4804874c, org.springframework.security.oauth2.client.web.OAuth2LoginAuthenticationFilter@4a553bc7, org.springframework.security.web.authentication.ui.DefaultLoginPageGeneratingFilter@4f9e9ae7, org.springframework.security.web.authentication.ui.DefaultLogoutPageGeneratingFilter@1683c640, org.springframework.security.web.savedrequest.RequestCacheAwareFilter@2004d629, org.springframework.security.web.servletapi.SecurityContextHolderAwareRequestFilter@49adb865, org.springframework.security.web.authentication.AnonymousAuthenticationFilter@7a510d3b, org.springframework.security.web.session.SessionManagementFilter@301743f5, org.springframework.security.web.access.ExceptionTranslationFilter@39c2d036, org.springframework.security.web.access.intercept.FilterSecurityInterceptor@8d5a4c1]
2021-11-21 02:58:07.296  INFO 16164 --- [    Test worker] o.s.s.concurrent.ThreadPoolTaskExecutor  : Initializing ExecutorService 'applicationTaskExecutor'
2021-11-21 02:58:07.363  INFO 16164 --- [    Test worker] o.s.b.a.w.s.WelcomePageHandlerMapping    : Adding welcome page template: index
2021-11-21 02:58:07.724  INFO 16164 --- [    Test worker] o.s.b.w.embedded.tomcat.TomcatWebServer  : Tomcat started on port(s): 53935 (http) with context path ''
2021-11-21 02:58:07.728  INFO 16164 --- [    Test worker] s.a.ScheduledAnnotationBeanPostProcessor : No TaskScheduler/ScheduledExecutorService bean found for scheduled processing
2021-11-21 02:58:07.730  INFO 16164 --- [    Test worker] c.j.b.s.web.IndexControllerTest          : Started IndexControllerTest in 3.116 seconds (JVM running for 15.605)
2021-11-21 02:58:07.840  INFO 16164 --- [o-auto-1-exec-1] o.a.c.c.C.[Tomcat].[localhost].[/]       : Initializing Spring DispatcherServlet 'dispatcherServlet'
2021-11-21 02:58:07.840  INFO 16164 --- [o-auto-1-exec-1] o.s.web.servlet.DispatcherServlet        : Initializing Servlet 'dispatcherServlet'
2021-11-21 02:58:07.841  INFO 16164 --- [o-auto-1-exec-1] o.s.web.servlet.DispatcherServlet        : Completed initialization in 1 ms
Hibernate: select posts0_.id as id1_0_, posts0_.create_date as create_d2_0_, posts0_.modified_date as modified3_0_, posts0_.author as author4_0_, posts0_.content as content5_0_, posts0_.title as title6_0_ from posts posts0_ order by posts0_.id DESC
]]></system-out>
  <system-err><![CDATA[]]></system-err>
</testsuite>
